This file contains any messages produced by compilers while
running configure, to aid debugging if configure makes a mistake.

It was created by exmpp configure 0.9.3, which was
generated by GNU Autoconf 2.65.  Invocation command line was

  $ ./configure 

## --------- ##
## Platform. ##
## --------- ##

hostname = liqiang
uname -m = i686
uname -r = 2.6.32-22-generic
uname -s = Linux
uname -v = #33-Ubuntu SMP Wed Apr 28 13:27:30 UTC 2010

/usr/bin/uname -p = unknown
/bin/uname -X     = unknown

/bin/arch              = unknown
/usr/bin/arch -k       = unknown
/usr/convex/getsysinfo = unknown
/usr/bin/hostinfo      = unknown
/bin/machine           = unknown
/usr/bin/oslevel       = unknown
/bin/universe          = unknown

PATH: /usr/local/sbin
PATH: /usr/local/bin
PATH: /usr/sbin
PATH: /usr/bin
PATH: /sbin
PATH: /bin
PATH: /usr/games


## ----------- ##
## Core tests. ##
## ----------- ##

configure:2485: checking build system type
configure:2499: result: i686-pc-linux-gnu
configure:2519: checking host system type
configure:2532: result: i686-pc-linux-gnu
configure:2552: checking target system type
configure:2565: result: i686-pc-linux-gnu
configure:2607: checking for a BSD-compatible install
configure:2675: result: /usr/bin/install -c
configure:2686: checking whether build environment is sane
configure:2736: result: yes
configure:2877: checking for a thread-safe mkdir -p
configure:2916: result: /bin/mkdir -p
configure:2929: checking for gawk
configure:2945: found /usr/bin/gawk
configure:2956: result: gawk
configure:2967: checking whether make sets $(MAKE)
configure:2989: result: yes
configure:3123: checking for style of include used by make
configure:3151: result: GNU
configure:3221: checking for gcc
configure:3237: found /usr/bin/gcc
configure:3248: result: gcc
configure:3477: checking for C compiler version
configure:3486: gcc --version >&5
gcc (Ubuntu 4.4.3-4ubuntu5) 4.4.3
Copyright (C) 2009 Free Software Foundation, Inc.
This is free software; see the source for copying conditions.  There is NO
warranty; not even for MERCHANTABILITY or FITNESS FOR A PARTICULAR PURPOSE.

configure:3497: $? = 0
configure:3486: gcc -v >&5
Using built-in specs.
Target: i486-linux-gnu
Configured with: ../src/configure -v --with-pkgversion='Ubuntu 4.4.3-4ubuntu5' --with-bugurl=file:///usr/share/doc/gcc-4.4/README.Bugs --enable-languages=c,c++,fortran,objc,obj-c++ --prefix=/usr --enable-shared --enable-multiarch --enable-linker-build-id --with-system-zlib --libexecdir=/usr/lib --without-included-gettext --enable-threads=posix --with-gxx-include-dir=/usr/include/c++/4.4 --program-suffix=-4.4 --enable-nls --enable-clocale=gnu --enable-libstdcxx-debug --enable-plugin --enable-objc-gc --enable-targets=all --disable-werror --with-arch-32=i486 --with-tune=generic --enable-checking=release --build=i486-linux-gnu --host=i486-linux-gnu --target=i486-linux-gnu
Thread model: posix
gcc version 4.4.3 (Ubuntu 4.4.3-4ubuntu5) 
configure:3497: $? = 0
configure:3486: gcc -V >&5
gcc: '-V' option must have argument
configure:3497: $? = 1
configure:3486: gcc -qversion >&5
gcc: unrecognized option '-qversion'
gcc: no input files
configure:3497: $? = 1
configure:3517: checking whether the C compiler works
configure:3539: gcc    conftest.c  >&5
configure:3543: $? = 0
configure:3592: result: yes
configure:3595: checking for C compiler default output file name
configure:3597: result: a.out
configure:3603: checking for suffix of executables
configure:3610: gcc -o conftest    conftest.c  >&5
configure:3614: $? = 0
configure:3636: result: 
configure:3658: checking whether we are cross compiling
configure:3666: gcc -o conftest    conftest.c  >&5
configure:3670: $? = 0
configure:3677: ./conftest
configure:3681: $? = 0
configure:3696: result: no
configure:3701: checking for suffix of object files
configure:3723: gcc -c   conftest.c >&5
configure:3727: $? = 0
configure:3748: result: o
configure:3752: checking whether we are using the GNU C compiler
configure:3771: gcc -c   conftest.c >&5
configure:3771: $? = 0
configure:3780: result: yes
configure:3789: checking whether gcc accepts -g
configure:3809: gcc -c -g  conftest.c >&5
configure:3809: $? = 0
configure:3850: result: yes
configure:3867: checking for gcc option to accept ISO C89
configure:3931: gcc  -c -g -O2  conftest.c >&5
configure:3931: $? = 0
configure:3944: result: none needed
configure:3966: checking dependency style of gcc
configure:4076: result: gcc3
configure:4095: checking for gcc option to accept ISO C99
configure:4244: gcc  -c -g -O2  conftest.c >&5
conftest.c:61: error: expected ';', ',' or ')' before 'text'
conftest.c: In function 'main':
conftest.c:115: error: expected '=', ',', ';', 'asm' or '__attribute__' before 'newvar'
conftest.c:115: error: 'newvar' undeclared (first use in this function)
conftest.c:115: error: (Each undeclared identifier is reported only once
conftest.c:115: error: for each function it appears in.)
conftest.c:125: error: 'for' loop initial declarations are only allowed in C99 mode
conftest.c:125: note: use option -std=c99 or -std=gnu99 to compile your code
configure:4244: $? = 1
configure: failed program was:
| /* confdefs.h */
| #define PACKAGE_NAME "exmpp"
| #define PACKAGE_TARNAME "exmpp"
| #define PACKAGE_VERSION "0.9.3"
| #define PACKAGE_STRING "exmpp 0.9.3"
| #define PACKAGE_BUGREPORT "js.pedron@meetic-corp.com"
| #define PACKAGE_URL ""
| #define PACKAGE "exmpp"
| #define VERSION "0.9.3"
| /* end confdefs.h.  */
| #include <stdarg.h>
| #include <stdbool.h>
| #include <stdlib.h>
| #include <wchar.h>
| #include <stdio.h>
| 
| // Check varargs macros.  These examples are taken from C99 6.10.3.5.
| #define debug(...) fprintf (stderr, __VA_ARGS__)
| #define showlist(...) puts (#__VA_ARGS__)
| #define report(test,...) ((test) ? puts (#test) : printf (__VA_ARGS__))
| static void
| test_varargs_macros (void)
| {
|   int x = 1234;
|   int y = 5678;
|   debug ("Flag");
|   debug ("X = %d\n", x);
|   showlist (The first, second, and third items.);
|   report (x>y, "x is %d but y is %d", x, y);
| }
| 
| // Check long long types.
| #define BIG64 18446744073709551615ull
| #define BIG32 4294967295ul
| #define BIG_OK (BIG64 / BIG32 == 4294967297ull && BIG64 % BIG32 == 0)
| #if !BIG_OK
|   your preprocessor is broken;
| #endif
| #if BIG_OK
| #else
|   your preprocessor is broken;
| #endif
| static long long int bignum = -9223372036854775807LL;
| static unsigned long long int ubignum = BIG64;
| 
| struct incomplete_array
| {
|   int datasize;
|   double data[];
| };
| 
| struct named_init {
|   int number;
|   const wchar_t *name;
|   double average;
| };
| 
| typedef const char *ccp;
| 
| static inline int
| test_restrict (ccp restrict text)
| {
|   // See if C++-style comments work.
|   // Iterate through items via the restricted pointer.
|   // Also check for declarations in for loops.
|   for (unsigned int i = 0; *(text+i) != '\0'; ++i)
|     continue;
|   return 0;
| }
| 
| // Check varargs and va_copy.
| static void
| test_varargs (const char *format, ...)
| {
|   va_list args;
|   va_start (args, format);
|   va_list args_copy;
|   va_copy (args_copy, args);
| 
|   const char *str;
|   int number;
|   float fnumber;
| 
|   while (*format)
|     {
|       switch (*format++)
| 	{
| 	case 's': // string
| 	  str = va_arg (args_copy, const char *);
| 	  break;
| 	case 'd': // int
| 	  number = va_arg (args_copy, int);
| 	  break;
| 	case 'f': // float
| 	  fnumber = va_arg (args_copy, double);
| 	  break;
| 	default:
| 	  break;
| 	}
|     }
|   va_end (args_copy);
|   va_end (args);
| }
| 
| int
| main ()
| {
| 
|   // Check bool.
|   _Bool success = false;
| 
|   // Check restrict.
|   if (test_restrict ("String literal") == 0)
|     success = true;
|   char *restrict newvar = "Another string";
| 
|   // Check varargs.
|   test_varargs ("s, d' f .", "string", 65, 34.234);
|   test_varargs_macros ();
| 
|   // Check flexible array members.
|   struct incomplete_array *ia =
|     malloc (sizeof (struct incomplete_array) + (sizeof (double) * 10));
|   ia->datasize = 10;
|   for (int i = 0; i < ia->datasize; ++i)
|     ia->data[i] = i * 1.234;
| 
|   // Check named initializers.
|   struct named_init ni = {
|     .number = 34,
|     .name = L"Test wide string",
|     .average = 543.34343,
|   };
| 
|   ni.number = 58;
| 
|   int dynamic_array[ni.number];
|   dynamic_array[ni.number - 1] = 543;
| 
|   // work around unused variable warnings
|   return (!success || bignum == 0LL || ubignum == 0uLL || newvar[0] == 'x'
| 	  || dynamic_array[ni.number - 1] != 543);
| 
|   ;
|   return 0;
| }
configure:4244: gcc -std=gnu99 -c -g -O2  conftest.c >&5
configure:4244: $? = 0
configure:4264: result: -std=gnu99
configure:4366: checking for gcc -std=gnu99 option to accept ISO Standard C
configure:4380: result: -std=gnu99
configure:4385: checking for a sed that does not truncate output
configure:4449: result: /bin/sed
configure:4467: checking for grep that handles long lines and -e
configure:4525: result: /bin/grep
configure:4530: checking for egrep
configure:4592: result: /bin/grep -E
configure:4597: checking for fgrep
configure:4659: result: /bin/grep -F
configure:4694: checking for ld used by gcc -std=gnu99
configure:4761: result: /usr/bin/ld
configure:4768: checking if the linker (/usr/bin/ld) is GNU ld
configure:4783: result: yes
configure:4796: checking whether make sets $(MAKE)
configure:4818: result: yes
configure:4827: checking for a sed that does not truncate output
configure:4891: result: /bin/sed
configure:4905: checking for gawk
configure:4932: result: gawk
configure:5084: checking for BSD- or MS-compatible name lister (nm)
configure:5133: result: /usr/bin/nm -B
configure:5251: checking the name lister (/usr/bin/nm -B) interface
configure:5258: gcc -std=gnu99 -c -g -O2  conftest.c >&5
configure:5261: /usr/bin/nm -B "conftest.o"
configure:5264: output
00000000 B some_variable
configure:5271: result: BSD nm
configure:5274: checking whether ln -s works
configure:5278: result: yes
configure:5286: checking the maximum length of command line arguments
configure:5406: result: 1572864
configure:5423: checking whether the shell understands some XSI constructs
configure:5433: result: yes
configure:5437: checking whether the shell understands "+="
configure:5443: result: yes
configure:5478: checking for /usr/bin/ld option to reload object files
configure:5485: result: -r
configure:5554: checking for objdump
configure:5570: found /usr/bin/objdump
configure:5581: result: objdump
configure:5613: checking how to recognize dependent libraries
configure:5809: result: pass_all
configure:5869: checking for ar
configure:5885: found /usr/bin/ar
configure:5896: result: ar
configure:5974: checking for strip
configure:5990: found /usr/bin/strip
configure:6001: result: strip
configure:6073: checking for ranlib
configure:6089: found /usr/bin/ranlib
configure:6100: result: ranlib
configure:6190: checking command to parse /usr/bin/nm -B output from gcc -std=gnu99 object
configure:6308: gcc -std=gnu99 -c -g -O2  conftest.c >&5
configure:6311: $? = 0
configure:6315: /usr/bin/nm -B conftest.o \| sed -n -e 's/^.*[	 ]\([ABCDGIRSTW][ABCDGIRSTW]*\)[	 ][	 ]*\([_A-Za-z][_A-Za-z0-9]*\)$/\1 \2 \2/p' \> conftest.nm
configure:6318: $? = 0
configure:6372: gcc -std=gnu99 -o conftest -g -O2   conftest.c conftstm.o >&5
configure:6375: $? = 0
configure:6413: result: ok
configure:7222: checking how to run the C preprocessor
configure:7253: gcc -std=gnu99 -E  conftest.c
configure:7253: $? = 0
configure:7267: gcc -std=gnu99 -E  conftest.c
conftest.c:11:28: error: ac_nonexistent.h: No such file or directory
configure:7267: $? = 1
configure: failed program was:
| /* confdefs.h */
| #define PACKAGE_NAME "exmpp"
| #define PACKAGE_TARNAME "exmpp"
| #define PACKAGE_VERSION "0.9.3"
| #define PACKAGE_STRING "exmpp 0.9.3"
| #define PACKAGE_BUGREPORT "js.pedron@meetic-corp.com"
| #define PACKAGE_URL ""
| #define PACKAGE "exmpp"
| #define VERSION "0.9.3"
| /* end confdefs.h.  */
| #include <ac_nonexistent.h>
configure:7292: result: gcc -std=gnu99 -E
configure:7312: gcc -std=gnu99 -E  conftest.c
configure:7312: $? = 0
configure:7326: gcc -std=gnu99 -E  conftest.c
conftest.c:11:28: error: ac_nonexistent.h: No such file or directory
configure:7326: $? = 1
configure: failed program was:
| /* confdefs.h */
| #define PACKAGE_NAME "exmpp"
| #define PACKAGE_TARNAME "exmpp"
| #define PACKAGE_VERSION "0.9.3"
| #define PACKAGE_STRING "exmpp 0.9.3"
| #define PACKAGE_BUGREPORT "js.pedron@meetic-corp.com"
| #define PACKAGE_URL ""
| #define PACKAGE "exmpp"
| #define VERSION "0.9.3"
| /* end confdefs.h.  */
| #include <ac_nonexistent.h>
configure:7355: checking for ANSI C header files
configure:7375: gcc -std=gnu99 -c -g -O2  conftest.c >&5
configure:7375: $? = 0
configure:7448: gcc -std=gnu99 -o conftest -g -O2   conftest.c  >&5
configure:7448: $? = 0
configure:7448: ./conftest
configure:7448: $? = 0
configure:7459: result: yes
configure:7472: checking for sys/types.h
configure:7472: gcc -std=gnu99 -c -g -O2  conftest.c >&5
configure:7472: $? = 0
configure:7472: result: yes
configure:7472: checking for sys/stat.h
configure:7472: gcc -std=gnu99 -c -g -O2  conftest.c >&5
configure:7472: $? = 0
configure:7472: result: yes
configure:7472: checking for stdlib.h
configure:7472: gcc -std=gnu99 -c -g -O2  conftest.c >&5
configure:7472: $? = 0
configure:7472: result: yes
configure:7472: checking for string.h
configure:7472: gcc -std=gnu99 -c -g -O2  conftest.c >&5
configure:7472: $? = 0
configure:7472: result: yes
configure:7472: checking for memory.h
configure:7472: gcc -std=gnu99 -c -g -O2  conftest.c >&5
configure:7472: $? = 0
configure:7472: result: yes
configure:7472: checking for strings.h
configure:7472: gcc -std=gnu99 -c -g -O2  conftest.c >&5
configure:7472: $? = 0
configure:7472: result: yes
configure:7472: checking for inttypes.h
configure:7472: gcc -std=gnu99 -c -g -O2  conftest.c >&5
configure:7472: $? = 0
configure:7472: result: yes
configure:7472: checking for stdint.h
configure:7472: gcc -std=gnu99 -c -g -O2  conftest.c >&5
configure:7472: $? = 0
configure:7472: result: yes
configure:7472: checking for unistd.h
configure:7472: gcc -std=gnu99 -c -g -O2  conftest.c >&5
configure:7472: $? = 0
configure:7472: result: yes
configure:7487: checking for dlfcn.h
configure:7487: gcc -std=gnu99 -c -g -O2  conftest.c >&5
configure:7487: $? = 0
configure:7487: result: yes
configure:7611: checking for objdir
configure:7626: result: .libs
configure:7922: checking if gcc -std=gnu99 supports -fno-rtti -fno-exceptions
configure:7940: gcc -std=gnu99 -c -g -O2  -fno-rtti -fno-exceptions conftest.c >&5
cc1: warning: command line option "-fno-rtti" is valid for C++/ObjC++ but not for C
configure:7944: $? = 0
configure:7957: result: no
configure:7977: checking for gcc -std=gnu99 option to produce PIC
configure:8249: result: -fPIC -DPIC
configure:8261: checking if gcc -std=gnu99 PIC flag -fPIC -DPIC works
configure:8279: gcc -std=gnu99 -c -g -O2  -fPIC -DPIC -DPIC conftest.c >&5
configure:8283: $? = 0
configure:8296: result: yes
configure:8320: checking if gcc -std=gnu99 static flag -static works
configure:8348: result: yes
configure:8363: checking if gcc -std=gnu99 supports -c -o file.o
configure:8384: gcc -std=gnu99 -c -g -O2  -o out/conftest2.o conftest.c >&5
configure:8388: $? = 0
configure:8410: result: yes
configure:8418: checking if gcc -std=gnu99 supports -c -o file.o
configure:8465: result: yes
configure:8498: checking whether the gcc -std=gnu99 linker (/usr/bin/ld) supports shared libraries
configure:9488: result: yes
configure:9525: checking whether -lc should be explicitly linked in
configure:9530: gcc -std=gnu99 -c -g -O2  conftest.c >&5
configure:9533: $? = 0
configure:9548: gcc -std=gnu99 -shared conftest.o  -v -Wl,-soname -Wl,conftest -o conftest 2\>\&1 \| /bin/grep  -lc  \>/dev/null 2\>\&1
configure:9551: $? = 0
configure:9563: result: no
configure:9727: checking dynamic linker characteristics
configure:10160: gcc -std=gnu99 -o conftest -g -O2   -Wl,-rpath -Wl,/foo conftest.c  >&5
configure:10160: $? = 0
configure:10390: result: GNU/Linux ld.so
configure:10492: checking how to hardcode library paths into programs
configure:10517: result: immediate
configure:11037: checking whether stripping libraries is possible
configure:11042: result: yes
configure:11077: checking if libtool supports shared libraries
configure:11079: result: yes
configure:11082: checking whether to build shared libraries
configure:11103: result: yes
configure:11106: checking whether to build static libraries
configure:11110: result: no
configure:11261: Erlang environment
configure:11326: checking for erl
configure:11344: found /usr/bin/erl
configure:11356: result: /usr/bin/erl
configure:11431: checking for erlc
configure:11449: found /usr/bin/erlc
configure:11461: result: /usr/bin/erlc
configure:11712: checking for escript
configure:11730: found /usr/bin/escript
configure:11742: result: /usr/bin/escript
configure:11810: checking for erlc
configure:11812: result: /usr/bin/erlc
configure:11920: checking for erl
configure:11922: result: /usr/bin/erl
configure:12029: checking for Erlang/OTP root directory
configure:12055: $ERLC $ERLCFLAGS -b beam conftest.$ac_ext >&5 && echo "#!/bin/sh" > conftest$ac_exeext && $as_echo "\"$ERL\" -run conftest start -run init stop -noshell" >> conftest$ac_exeext && chmod +x conftest$ac_exeext
configure:12055: $? = 0
configure:12055: ./conftest
configure:12055: $? = 0
configure:12076: result: /usr/lib/erlang
configure:12081: checking for Erlang/OTP library base directory
configure:12107: $ERLC $ERLCFLAGS -b beam conftest.$ac_ext >&5 && echo "#!/bin/sh" > conftest$ac_exeext && $as_echo "\"$ERL\" -run conftest start -run init stop -noshell" >> conftest$ac_exeext && chmod +x conftest$ac_exeext
configure:12107: $? = 0
configure:12107: ./conftest
configure:12107: $? = 0
configure:12128: result: /usr/lib/erlang/lib
configure:12135: checking for Erlang/OTP ERTS version
configure:12160: $ERLC $ERLCFLAGS -b beam conftest.$ac_ext >&5 && echo "#!/bin/sh" > conftest$ac_exeext && $as_echo "\"$ERL\" -run conftest start -run init stop -noshell" >> conftest$ac_exeext && chmod +x conftest$ac_exeext
configure:12160: $? = 0
configure:12160: ./conftest
configure:12160: $? = 0
configure:12183: result: 5.7.4
configure:12185: checking for Erlang/OTP ERTS directory
configure:12197: result: /usr/lib/erlang/erts-5.7.4
configure:12208: checking for Erlang/OTP release
configure:12233: $ERLC $ERLCFLAGS -b beam conftest.$ac_ext >&5 && echo "#!/bin/sh" > conftest$ac_exeext && $as_echo "\"$ERL\" -run conftest start -run init stop -noshell" >> conftest$ac_exeext && chmod +x conftest$ac_exeext
configure:12233: $? = 0
configure:12233: ./conftest
configure:12233: $? = 0
configure:12256: result: R13B03
configure:12302: checking for Erlang/OTP 'erl_interface' library subdirectory
configure:12333: $ERLC $ERLCFLAGS -b beam conftest.$ac_ext >&5 && echo "#!/bin/sh" > conftest$ac_exeext && $as_echo "\"$ERL\" -run conftest start -run init stop -noshell" >> conftest$ac_exeext && chmod +x conftest$ac_exeext
configure:12333: $? = 0
configure:12333: ./conftest
configure:12333: $? = 0
configure:12358: result: /usr/lib/erlang/lib/erl_interface-3.6.4
configure:12360: checking for Erlang/OTP 'erl_interface' library version
configure:12371: result: 3.6.4
configure:12470: checking for Erlang/OTP library installation base directory
configure:12474: result: /usr/lib/erlang/lib
configure:12483: checking for Erlang/OTP 'exmpp' library installation subdirectory
configure:12492: result: /usr/lib/erlang/lib/exmpp-0.9.3
configure:12497: checking for SMP support
configure:12527: result: yes (Erlang R13B03)
configure:12555: XML parsers dependencies
configure:12584: checking expat.h usability
configure:12584: gcc -std=gnu99 -c -g -O2 -Wall -Werror   conftest.c >&5
configure:12584: $? = 0
configure:12584: result: yes
configure:12584: checking expat.h presence
configure:12584: gcc -std=gnu99 -E   conftest.c
configure:12584: $? = 0
configure:12584: result: yes
configure:12584: checking for expat.h
configure:12584: result: yes
configure:12597: checking for XML_ParserCreate in -lexpat
configure:12622: gcc -std=gnu99 -o conftest -g -O2 -Wall -Werror     conftest.c -lexpat   >&5
configure:12622: $? = 0
configure:12631: result: yes
configure:12649: checking for Expat library
configure:12652: result: yes
configure:12730: checking for pkg-config
configure:12748: found /usr/bin/pkg-config
configure:12760: result: /usr/bin/pkg-config
configure:12785: checking pkg-config is at least version 0.9.0
configure:12788: result: yes
configure:12799: checking for LIBXML2
configure:12806: $PKG_CONFIG --exists --print-errors "libxml-2.0"
configure:12809: $? = 0
configure:12822: $PKG_CONFIG --exists --print-errors "libxml-2.0"
configure:12825: $? = 0
configure:12860: result: yes
configure:12882: TLS engines dependencies
configure:12911: checking openssl/ssl.h usability
configure:12911: gcc -std=gnu99 -c -g -O2 -Wall -Werror   conftest.c >&5
configure:12911: $? = 0
configure:12911: result: yes
configure:12911: checking openssl/ssl.h presence
configure:12911: gcc -std=gnu99 -E   conftest.c
configure:12911: $? = 0
configure:12911: result: yes
configure:12911: checking for openssl/ssl.h
configure:12911: result: yes
configure:12924: checking for SSL_CTX_new in -lssl
configure:12949: gcc -std=gnu99 -o conftest -g -O2 -Wall -Werror     conftest.c -lssl   >&5
configure:12949: $? = 0
configure:12958: result: yes
configure:12976: checking for OpenSSL library
configure:12979: result: yes
configure:13014: Compression engines dependencies
configure:13043: checking zlib.h usability
configure:13043: gcc -std=gnu99 -c -g -O2 -Wall -Werror   conftest.c >&5
configure:13043: $? = 0
configure:13043: result: yes
configure:13043: checking zlib.h presence
configure:13043: gcc -std=gnu99 -E   conftest.c
configure:13043: $? = 0
configure:13043: result: yes
configure:13043: checking for zlib.h
configure:13043: result: yes
configure:13056: checking for zlibVersion in -lz
configure:13081: gcc -std=gnu99 -o conftest -g -O2 -Wall -Werror     conftest.c -lz   >&5
configure:13081: $? = 0
configure:13090: result: yes
configure:13108: checking for Zlib library
configure:13111: result: yes
configure:13147: Detect Operating System
configure:13387: creating ./config.status

## ---------------------- ##
## Running config.status. ##
## ---------------------- ##

This file was extended by exmpp config.status 0.9.3, which was
generated by GNU Autoconf 2.65.  Invocation command line was

  CONFIG_FILES    = 
  CONFIG_HEADERS  = 
  CONFIG_LINKS    = 
  CONFIG_COMMANDS = 
  $ ./config.status 

on liqiang

config.status:1144: creating c_src/Makefile
config.status:1144: creating include/Makefile
config.status:1144: creating include/internal/Makefile
config.status:1144: creating src/Makefile
config.status:1144: creating src/Emakefile
config.status:1144: creating ebin/Makefile
config.status:1144: creating ebin/exmpp.app
config.status:1144: creating ebin/exmpp.appup
config.status:1144: creating doc/Makefile
config.status:1144: creating testsuite/Makefile
config.status:1144: creating examples/Makefile
config.status:1144: creating examples/Emakefile
config.status:1144: creating Makefile
config.status:1144: creating testsuite/etest
config.status:1144: creating config.h
config.status:1316: config.h is unchanged
config.status:1364: executing depfiles commands
config.status:1364: executing libtool commands
configure:15612:  == exmpp 0.9.3 ==
configure:15620: Configuration:
configure:15627:     Prefix:             /usr/local
configure:15634:     Application dir.:   /usr/lib/erlang/lib/exmpp-0.9.3
configure:15642:     C compiler:         gcc -std=gnu99 -g -O2 -Wall -Werror
configure:15649:     Erlang emulator:    /usr/bin/erl
configure:15656:     Erlang compiler:    /usr/bin/erlc
configure:15663:     Erlang interpreter: /usr/bin/escript
configure:15671:     Debug/warnings:     yes/yes
configure:15678:     Compat modules:     no
configure:15685:     Documentation:      yes
configure:15692:     Testsuite:          yes
configure:15699:     Examples:           no
configure:15707:     XML parsers:
configure:15714:       . Expat:          yes
configure:15721:       . LibXML2:        yes
configure:15729:     TLS engines:
configure:15736:       . OpenSSL:        yes
configure:15744:     Compression engines:
configure:15751:       . Zlib:           yes

## ---------------- ##
## Cache variables. ##
## ---------------- ##

ac_cv_build=i686-pc-linux-gnu
ac_cv_c_compiler_gnu=yes
ac_cv_env_CC_set=
ac_cv_env_CC_value=
ac_cv_env_CFLAGS_set=
ac_cv_env_CFLAGS_value=
ac_cv_env_CPPFLAGS_set=
ac_cv_env_CPPFLAGS_value=
ac_cv_env_CPP_set=
ac_cv_env_CPP_value=
ac_cv_env_ERLANG_INSTALL_LIB_DIR_exmpp_set=
ac_cv_env_ERLANG_INSTALL_LIB_DIR_exmpp_value=
ac_cv_env_ERLANG_INSTALL_LIB_DIR_set=
ac_cv_env_ERLANG_INSTALL_LIB_DIR_value=
ac_cv_env_ERLCFLAGS_set=
ac_cv_env_ERLCFLAGS_value=
ac_cv_env_ERLC_set=
ac_cv_env_ERLC_value=
ac_cv_env_ERL_set=
ac_cv_env_ERL_value=
ac_cv_env_ESCRIPT_set=
ac_cv_env_ESCRIPT_value=
ac_cv_env_LDFLAGS_set=
ac_cv_env_LDFLAGS_value=
ac_cv_env_LIBS_set=
ac_cv_env_LIBS_value=
ac_cv_env_LIBXML2_CFLAGS_set=
ac_cv_env_LIBXML2_CFLAGS_value=
ac_cv_env_LIBXML2_LIBS_set=
ac_cv_env_LIBXML2_LIBS_value=
ac_cv_env_PKG_CONFIG_set=
ac_cv_env_PKG_CONFIG_value=
ac_cv_env_build_alias_set=
ac_cv_env_build_alias_value=
ac_cv_env_host_alias_set=
ac_cv_env_host_alias_value=
ac_cv_env_target_alias_set=
ac_cv_env_target_alias_value=
ac_cv_erlang_lib_dir=/usr/lib/erlang/lib
ac_cv_erlang_lib_dir_erl_interface=/usr/lib/erlang/lib/erl_interface-3.6.4
ac_cv_erlang_lib_ver_erl_interface=3.6.4
ac_cv_erlang_root_dir=/usr/lib/erlang
ac_cv_header_dlfcn_h=yes
ac_cv_header_expat_h=yes
ac_cv_header_inttypes_h=yes
ac_cv_header_memory_h=yes
ac_cv_header_openssl_ssl_h=yes
ac_cv_header_stdc=yes
ac_cv_header_stdint_h=yes
ac_cv_header_stdlib_h=yes
ac_cv_header_string_h=yes
ac_cv_header_strings_h=yes
ac_cv_header_sys_stat_h=yes
ac_cv_header_sys_types_h=yes
ac_cv_header_unistd_h=yes
ac_cv_header_zlib_h=yes
ac_cv_host=i686-pc-linux-gnu
ac_cv_lib_expat_XML_ParserCreate=yes
ac_cv_lib_ssl_SSL_CTX_new=yes
ac_cv_lib_z_zlibVersion=yes
ac_cv_objext=o
ac_cv_path_EGREP='/bin/grep -E'
ac_cv_path_ESCRIPT=/usr/bin/escript
ac_cv_path_FGREP='/bin/grep -F'
ac_cv_path_GREP=/bin/grep
ac_cv_path_SED=/bin/sed
ac_cv_path_ac_pt_ERL=/usr/bin/erl
ac_cv_path_ac_pt_ERLC=/usr/bin/erlc
ac_cv_path_ac_pt_PKG_CONFIG=/usr/bin/pkg-config
ac_cv_path_install='/usr/bin/install -c'
ac_cv_path_mkdir=/bin/mkdir
ac_cv_prog_AWK=gawk
ac_cv_prog_CPP='gcc -std=gnu99 -E'
ac_cv_prog_ac_ct_AR=ar
ac_cv_prog_ac_ct_CC=gcc
ac_cv_prog_ac_ct_OBJDUMP=objdump
ac_cv_prog_ac_ct_RANLIB=ranlib
ac_cv_prog_ac_ct_STRIP=strip
ac_cv_prog_cc_c89=
ac_cv_prog_cc_c99=-std=gnu99
ac_cv_prog_cc_g=yes
ac_cv_prog_cc_stdc=-std=gnu99
ac_cv_prog_make_make_set=yes
ac_cv_target=i686-pc-linux-gnu
am_cv_CC_dependencies_compiler_type=gcc3
erlang_cv_erts_dir=/usr/lib/erlang/erts-5.7.4
erlang_cv_erts_ver=5.7.4
erlang_cv_release=R13B03
lt_cv_deplibs_check_method=pass_all
lt_cv_file_magic_cmd='$MAGIC_CMD'
lt_cv_file_magic_test_file=
lt_cv_ld_reload_flag=-r
lt_cv_nm_interface='BSD nm'
lt_cv_objdir=.libs
lt_cv_path_LD=/usr/bin/ld
lt_cv_path_NM='/usr/bin/nm -B'
lt_cv_prog_compiler_c_o=yes
lt_cv_prog_compiler_pic_works=yes
lt_cv_prog_compiler_rtti_exceptions=no
lt_cv_prog_compiler_static_works=yes
lt_cv_prog_gnu_ld=yes
lt_cv_sys_global_symbol_pipe='sed -n -e '\''s/^.*[	 ]\([ABCDGIRSTW][ABCDGIRSTW]*\)[	 ][	 ]*\([_A-Za-z][_A-Za-z0-9]*\)$/\1 \2 \2/p'\'''
lt_cv_sys_global_symbol_to_c_name_address='sed -n -e '\''s/^: \([^ ]*\) $/  {\"\1\", (void *) 0},/p'\'' -e '\''s/^[ABCDGIRSTW]* \([^ ]*\) \([^ ]*\)$/  {"\2", (void *) \&\2},/p'\'''
lt_cv_sys_global_symbol_to_c_name_address_lib_prefix='sed -n -e '\''s/^: \([^ ]*\) $/  {\"\1\", (void *) 0},/p'\'' -e '\''s/^[ABCDGIRSTW]* \([^ ]*\) \(lib[^ ]*\)$/  {"\2", (void *) \&\2},/p'\'' -e '\''s/^[ABCDGIRSTW]* \([^ ]*\) \([^ ]*\)$/  {"lib\2", (void *) \&\2},/p'\'''
lt_cv_sys_global_symbol_to_cdecl='sed -n -e '\''s/^T .* \(.*\)$/extern int \1();/p'\'' -e '\''s/^[ABCDGIRSTW]* .* \(.*\)$/extern char \1;/p'\'''
lt_cv_sys_max_cmd_len=1572864
pkg_cv_LIBXML2_CFLAGS='-I/usr/include/libxml2  '
pkg_cv_LIBXML2_LIBS='-lxml2  '

## ----------------- ##
## Output variables. ##
## ----------------- ##

ACLOCAL='${SHELL} /home/liqiang/github/devdb/sandbox/ejabberdclient/deps/exmpp-0.9.3/ac-aux/missing --run aclocal-1.11'
AMDEPBACKSLASH='\'
AMDEP_FALSE='#'
AMDEP_TRUE=''
AMTAR='${SHELL} /home/liqiang/github/devdb/sandbox/ejabberdclient/deps/exmpp-0.9.3/ac-aux/missing --run tar'
AR='ar'
AUTOCONF='${SHELL} /home/liqiang/github/devdb/sandbox/ejabberdclient/deps/exmpp-0.9.3/ac-aux/missing --run autoconf'
AUTOHEADER='${SHELL} /home/liqiang/github/devdb/sandbox/ejabberdclient/deps/exmpp-0.9.3/ac-aux/missing --run autoheader'
AUTOMAKE='${SHELL} /home/liqiang/github/devdb/sandbox/ejabberdclient/deps/exmpp-0.9.3/ac-aux/missing --run automake-1.11'
AWK='gawk'
BUILD_COMPAT_FALSE=''
BUILD_COMPAT_TRUE='#'
CC='gcc -std=gnu99'
CCDEPMODE='depmode=gcc3'
CFLAGS='-g -O2 -Wall -Werror'
COMPAT_MODULES='%'
COMPAT_MODULES_START=' % Compatibility modules disabled:'
CPP='gcc -std=gnu99 -E'
CPPFLAGS=''
CYGPATH_W='echo'
DEFS='-DHAVE_CONFIG_H'
DEPDIR='.deps'
DSYMUTIL=''
DUMPBIN=''
ECHO_C=''
ECHO_N='-n'
ECHO_T=''
EGREP='/bin/grep -E'
EMKOPTS='debug_info, {d, debug}, report_warnings, {warn_format, 1}, warn_export_vars, warn_shadow_vars, warn_unused_import, {d, '\''HAVE_EXPAT'\''}, {d, '\''HAVE_LIBXML2'\''}, {d, '\''HAVE_OPENSSL'\''}, {d, '\''HAVE_ZLIB'\''}'
ENABLE_DOCUMENTATION_FALSE='#'
ENABLE_DOCUMENTATION_TRUE=''
ENABLE_EXAMPLES_FALSE=''
ENABLE_EXAMPLES_TRUE='#'
ENABLE_SMP_SUPPORT_FALSE='#'
ENABLE_SMP_SUPPORT_TRUE=''
ENABLE_TESTSUITE_FALSE='#'
ENABLE_TESTSUITE_TRUE=''
ERL='/usr/bin/erl'
ERLANG_ERTS_DIR='/usr/lib/erlang/erts-5.7.4'
ERLANG_ERTS_VER='5.7.4'
ERLANG_INSTALL_LIB_DIR='/usr/lib/erlang/lib'
ERLANG_INSTALL_LIB_DIR_exmpp='${ERLANG_INSTALL_LIB_DIR}/exmpp-${VERSION}'
ERLANG_LIB_DIR='/usr/lib/erlang/lib'
ERLANG_LIB_DIR_erl_interface='/usr/lib/erlang/lib/erl_interface-3.6.4'
ERLANG_LIB_DIR_eunit=''
ERLANG_LIB_VER_erl_interface='3.6.4'
ERLANG_LIB_VER_eunit=''
ERLANG_RELEASE='R13B03'
ERLANG_ROOT_DIR='/usr/lib/erlang'
ERLC='/usr/bin/erlc'
ERLCFLAGS=''
ERL_DRIVER_LDFLAGS=''
ESCRIPT='/usr/bin/escript'
EXEEXT=''
EXMPP_BUILD_ARCH=''
EXMPP_DISTSUFFIX=''
EXMPP_HOST_ARCH=''
EXMPP_RELEASE_DATE=''
EXMPP_SVNREV=''
EXPAT_CPPFLAGS=''
EXPAT_LDFLAGS=''
EXPAT_LIBS='-lexpat'
FGREP='/bin/grep -F'
GREP='/bin/grep'
INSTALL_DATA='${INSTALL} -m 644'
INSTALL_PROGRAM='${INSTALL}'
INSTALL_SCRIPT='${INSTALL}'
INSTALL_STRIP_PROGRAM='$(install_sh) -c -s'
LD='/usr/bin/ld'
LDFLAGS=''
LIBOBJS=''
LIBS=''
LIBTOOL='$(SHELL) $(top_builddir)/libtool'
LIBXML2_CFLAGS='-I/usr/include/libxml2  '
LIBXML2_LIBS='-lxml2  '
LIPO=''
LN_S='ln -s'
LTLIBOBJS=''
MAKEINFO='${SHELL} /home/liqiang/github/devdb/sandbox/ejabberdclient/deps/exmpp-0.9.3/ac-aux/missing --run makeinfo'
MKDIR_P='/bin/mkdir -p'
NM='/usr/bin/nm -B'
NMEDIT=''
OBJDUMP='objdump'
OBJEXT='o'
OPENSSL_CPPFLAGS=''
OPENSSL_LDFLAGS=''
OPENSSL_LIBS='-lssl -lcrypto'
OTOOL64=''
OTOOL=''
PACKAGE='exmpp'
PACKAGE_BUGREPORT='js.pedron@meetic-corp.com'
PACKAGE_NAME='exmpp'
PACKAGE_STRING='exmpp 0.9.3'
PACKAGE_TARNAME='exmpp'
PACKAGE_URL=''
PACKAGE_VERSION='0.9.3'
PATH_SEPARATOR=':'
PKG_CONFIG='/usr/bin/pkg-config'
RANLIB='ranlib'
SED='/bin/sed'
SET_MAKE=''
SHELL='/bin/bash'
STRIP='strip'
VERSION='0.9.3'
WITH_EXPAT_FALSE='#'
WITH_EXPAT_TRUE=''
WITH_LIBXML2_FALSE='#'
WITH_LIBXML2_TRUE=''
WITH_OPENSSL_FALSE='#'
WITH_OPENSSL_TRUE=''
WITH_ZLIB_FALSE='#'
WITH_ZLIB_TRUE=''
ZLIB_CPPFLAGS=''
ZLIB_LDFLAGS=''
ZLIB_LIBS='-lz'
ac_ct_CC='gcc'
ac_ct_DUMPBIN=''
am__EXEEXT_FALSE=''
am__EXEEXT_TRUE='#'
am__fastdepCC_FALSE='#'
am__fastdepCC_TRUE=''
am__include='include'
am__isrc=''
am__leading_dot='.'
am__quote=''
am__tar='${AMTAR} chof - "$$tardir"'
am__untar='${AMTAR} xf -'
bindir='${exec_prefix}/bin'
build='i686-pc-linux-gnu'
build_alias=''
build_cpu='i686'
build_os='linux-gnu'
build_vendor='pc'
datadir='${datarootdir}'
datarootdir='${prefix}/share'
docdir='${datarootdir}/doc/${PACKAGE_TARNAME}'
dvidir='${docdir}'
exec_prefix='${prefix}'
exp_ERLANG_INSTALL_LIB_DIR_exmpp='/usr/lib/erlang/lib/exmpp-0.9.3'
host='i686-pc-linux-gnu'
host_alias=''
host_cpu='i686'
host_os='linux-gnu'
host_vendor='pc'
htmldir='${docdir}'
includedir='${prefix}/include'
infodir='${datarootdir}/info'
install_sh='${SHELL} /home/liqiang/github/devdb/sandbox/ejabberdclient/deps/exmpp-0.9.3/ac-aux/install-sh'
libdir='${exec_prefix}/lib'
libexecdir='${exec_prefix}/libexec'
localedir='${datarootdir}/locale'
localstatedir='${prefix}/var'
lt_ECHO='echo'
mandir='${datarootdir}/man'
mkdir_p='/bin/mkdir -p'
oldincludedir='/usr/include'
pdfdir='${docdir}'
prefix='/usr/local'
program_transform_name='s,x,x,'
psdir='${docdir}'
sbindir='${exec_prefix}/sbin'
sharedstatedir='${prefix}/com'
sysconfdir='${prefix}/etc'
target='i686-pc-linux-gnu'
target_alias=''
target_cpu='i686'
target_os='linux-gnu'
target_vendor='pc'

## ----------- ##
## confdefs.h. ##
## ----------- ##

/* confdefs.h */
#define PACKAGE_NAME "exmpp"
#define PACKAGE_TARNAME "exmpp"
#define PACKAGE_VERSION "0.9.3"
#define PACKAGE_STRING "exmpp 0.9.3"
#define PACKAGE_BUGREPORT "js.pedron@meetic-corp.com"
#define PACKAGE_URL ""
#define PACKAGE "exmpp"
#define VERSION "0.9.3"
#define STDC_HEADERS 1
#define HAVE_SYS_TYPES_H 1
#define HAVE_SYS_STAT_H 1
#define HAVE_STDLIB_H 1
#define HAVE_STRING_H 1
#define HAVE_MEMORY_H 1
#define HAVE_STRINGS_H 1
#define HAVE_INTTYPES_H 1
#define HAVE_STDINT_H 1
#define HAVE_UNISTD_H 1
#define HAVE_DLFCN_H 1
#define LT_OBJDIR ".libs/"
#define SMP_SUPPORT /**/
#define USE_RWLOCK /**/
#define _REENTRANT /**/
#define HAVE_EXPAT_H 1
#define HAVE_LIBEXPAT 1
#define HAVE_OPENSSL_SSL_H 1
#define HAVE_LIBSSL 1
#define HAVE_ZLIB_H 1
#define HAVE_LIBZ 1

configure: exit 0

## ---------------------- ##
## Running config.status. ##
## ---------------------- ##

This file was extended by exmpp config.status 0.9.3, which was
generated by GNU Autoconf 2.65.  Invocation command line was

  CONFIG_FILES    = 
  CONFIG_HEADERS  = 
  CONFIG_LINKS    = 
  CONFIG_COMMANDS = 
  $ ./config.status ebin/exmpp.app

on liqiang

config.status:1144: creating ebin/exmpp.app

## ---------------------- ##
## Running config.status. ##
## ---------------------- ##

This file was extended by exmpp config.status 0.9.3, which was
generated by GNU Autoconf 2.65.  Invocation command line was

  CONFIG_FILES    = 
  CONFIG_HEADERS  = 
  CONFIG_LINKS    = 
  CONFIG_COMMANDS = 
  $ ./config.status ebin/exmpp.appup

on liqiang

config.status:1144: creating ebin/exmpp.appup
